# JRE version: OpenJDK Runtime Environment (17.0.10) (build 17.0.10+0--11572160)
# Java VM: OpenJDK 64-Bit Server VM (17.0.10+0--11572160, mixed mode, tiered, compressed oops, compressed class ptrs, g1 gc, windows-amd64)
GC Precious Log:
 CPUs: 12 total, 12 available
 Memory: 32540M
 Large Page Support: Disabled
 NUMA Support: Disabled
 Compressed Oops: Enabled (32-bit)
 Heap Region Size: 1M
 Heap Min Capacity: 8M
 Heap Initial Capacity: 510M
 Heap Max Capacity: 2G
 Pre-touch: Disabled
 Parallel Workers: 10
 Concurrent Workers: 3
 Concurrent Refinement Workers: 10
 Periodic GC: Disabled
Heap:
 garbage-first heap   total 153600K, used 70767K [0x0000000080000000, 0x0000000100000000)
  region size 1024K, 13 young (13312K), 8 survivors (8192K)
 Metaspace       used 60670K, committed 61248K, reserved 1114112K
  class space    used 8358K, committed 8640K, reserved 1048576K
GC Heap History (20 events):
Event: 0.996 GC heap before
{Heap before GC invocations=2 (full 0):
 garbage-first heap   total 522240K, used 58457K [0x0000000080000000, 0x0000000100000000)
  region size 1024K, 47 young (48128K), 2 survivors (2048K)
 Metaspace       used 21297K, committed 21504K, reserved 1114112K
  class space    used 2520K, committed 2624K, reserved 1048576K
}
Event: 0.998 GC heap after
{Heap after GC invocations=3 (full 0):
 garbage-first heap   total 522240K, used 19386K [0x0000000080000000, 0x0000000100000000)
  region size 1024K, 9 young (9216K), 9 survivors (9216K)
 Metaspace       used 21297K, committed 21504K, reserved 1114112K
  class space    used 2520K, committed 2624K, reserved 1048576K
}
Event: 1.309 GC heap before
{Heap before GC invocations=4 (full 0):
 garbage-first heap   total 71680K, used 55226K [0x0000000080000000, 0x0000000100000000)
  region size 1024K, 44 young (45056K), 9 survivors (9216K)
 Metaspace       used 26878K, committed 27136K, reserved 1114112K
  class space    used 3467K, committed 3584K, reserved 1048576K
}
Event: 1.311 GC heap after
{Heap after GC invocations=5 (full 0):
 garbage-first heap   total 71680K, used 21053K [0x0000000080000000, 0x0000000100000000)
  region size 1024K, 3 young (3072K), 3 survivors (3072K)
 Metaspace       used 26878K, committed 27136K, reserved 1114112K
  class space    used 3467K, committed 3584K, reserved 1048576K
}
Event: 1.560 GC heap before
{Heap before GC invocations=5 (full 0):
 garbage-first heap   total 71680K, used 50749K [0x0000000080000000, 0x0000000100000000)
  region size 1024K, 32 young (32768K), 3 survivors (3072K)
 Metaspace       used 30919K, committed 31168K, reserved 1114112K
  class space    used 4178K, committed 4288K, reserved 1048576K
}
Event: 1.561 GC heap after
{Heap after GC invocations=6 (full 0):
 garbage-first heap   total 71680K, used 22805K [0x0000000080000000, 0x0000000100000000)
  region size 1024K, 4 young (4096K), 4 survivors (4096K)
 Metaspace       used 30919K, committed 31168K, reserved 1114112K
  class space    used 4178K, committed 4288K, reserved 1048576K
}
Event: 1.798 GC heap before
{Heap before GC invocations=6 (full 0):
 garbage-first heap   total 71680K, used 59669K [0x0000000080000000, 0x0000000100000000)
  region size 1024K, 31 young (31744K), 4 survivors (4096K)
 Metaspace       used 33761K, committed 34176K, reserved 1114112K
  class space    used 4627K, committed 4800K, reserved 1048576K
}
Event: 1.801 GC heap after
{Heap after GC invocations=7 (full 0):
 garbage-first heap   total 71680K, used 39197K [0x0000000080000000, 0x0000000100000000)
  region size 1024K, 5 young (5120K), 5 survivors (5120K)
 Metaspace       used 33761K, committed 34176K, reserved 1114112K
  class space    used 4627K, committed 4800K, reserved 1048576K
}
Event: 1.908 GC heap before
{Heap before GC invocations=7 (full 0):
 garbage-first heap   total 71680K, used 54557K [0x0000000080000000, 0x0000000100000000)
  region size 1024K, 21 young (21504K), 5 survivors (5120K)
 Metaspace       used 35749K, committed 36096K, reserved 1114112K
  class space    used 4962K, committed 5120K, reserved 1048576K
}
Event: 1.909 GC heap after
{Heap after GC invocations=8 (full 0):
 garbage-first heap   total 71680K, used 40108K [0x0000000080000000, 0x0000000100000000)
  region size 1024K, 1 young (1024K), 1 survivors (1024K)
 Metaspace       used 35749K, committed 36096K, reserved 1114112K
  class space    used 4962K, committed 5120K, reserved 1048576K
}
Event: 2.050 GC heap before
{Heap before GC invocations=9 (full 0):
 garbage-first heap   total 71680K, used 56492K [0x0000000080000000, 0x0000000100000000)
  region size 1024K, 18 young (18432K), 1 survivors (1024K)
 Metaspace       used 38633K, committed 39040K, reserved 1114112K
  class space    used 5406K, committed 5632K, reserved 1048576K
}
Event: 2.051 GC heap after
{Heap after GC invocations=10 (full 0):
 garbage-first heap   total 71680K, used 40974K [0x0000000080000000, 0x0000000100000000)
  region size 1024K, 2 young (2048K), 2 survivors (2048K)
 Metaspace       used 38633K, committed 39040K, reserved 1114112K
  class space    used 5406K, committed 5632K, reserved 1048576K
}
Event: 2.190 GC heap before
{Heap before GC invocations=10 (full 0):
 garbage-first heap   total 71680K, used 57358K [0x0000000080000000, 0x0000000100000000)
  region size 1024K, 19 young (19456K), 2 survivors (2048K)
 Metaspace       used 43200K, committed 43584K, reserved 1114112K
  class space    used 5857K, committed 6016K, reserved 1048576K
}
Event: 2.192 GC heap after
{Heap after GC invocations=11 (full 0):
 garbage-first heap   total 296960K, used 42955K [0x0000000080000000, 0x0000000100000000)
  region size 1024K, 3 young (3072K), 3 survivors (3072K)
 Metaspace       used 43200K, committed 43584K, reserved 1114112K
  class space    used 5857K, committed 6016K, reserved 1048576K
}
Event: 2.673 GC heap before
{Heap before GC invocations=12 (full 0):
 garbage-first heap   total 153600K, used 128971K [0x0000000080000000, 0x0000000100000000)
  region size 1024K, 78 young (79872K), 3 survivors (3072K)
 Metaspace       used 49696K, committed 50112K, reserved 1114112K
  class space    used 6724K, committed 6912K, reserved 1048576K
}
Event: 2.677 GC heap after
{Heap after GC invocations=13 (full 0):
 garbage-first heap   total 153600K, used 56827K [0x0000000080000000, 0x0000000100000000)
  region size 1024K, 11 young (11264K), 11 survivors (11264K)
 Metaspace       used 49696K, committed 50112K, reserved 1114112K
  class space    used 6724K, committed 6912K, reserved 1048576K
}
Event: 3.054 GC heap before
{Heap before GC invocations=13 (full 0):
 garbage-first heap   total 153600K, used 117243K [0x0000000080000000, 0x0000000100000000)
  region size 1024K, 66 young (67584K), 11 survivors (11264K)
 Metaspace       used 54501K, committed 55040K, reserved 1114112K
  class space    used 7355K, committed 7616K, reserved 1048576K
}
Event: 3.058 GC heap after
{Heap after GC invocations=14 (full 0):
 garbage-first heap   total 153600K, used 64067K [0x0000000080000000, 0x0000000100000000)
  region size 1024K, 5 young (5120K), 5 survivors (5120K)
 Metaspace       used 54501K, committed 55040K, reserved 1114112K
  class space    used 7355K, committed 7616K, reserved 1048576K
}
Event: 3.486 GC heap before
{Heap before GC invocations=14 (full 0):
 garbage-first heap   total 153600K, used 117315K [0x0000000080000000, 0x0000000100000000)
  region size 1024K, 57 young (58368K), 5 survivors (5120K)
 Metaspace       used 60187K, committed 60800K, reserved 1114112K
  class space    used 8269K, committed 8576K, reserved 1048576K
}
Event: 3.489 GC heap after
{Heap after GC invocations=15 (full 0):
 garbage-first heap   total 153600K, used 66671K [0x0000000080000000, 0x0000000100000000)
  region size 1024K, 8 young (8192K), 8 survivors (8192K)
 Metaspace       used 60187K, committed 60800K, reserved 1114112K
  class space    used 8269K, committed 8576K, reserved 1048576K
}

